Using pre-set license
Built from '2020.3/staging' branch; Version is '2020.3.5f1 (8095aa901b9b) revision 8426922'; Using compiler version '192528614'; Build Type 'Release'
OS: 'Windows 10 Home; OS build 19042.928; Version 2009; 64bit' Language: 'en' Physical Memory: 8041 MB
BatchMode: 1, IsHumanControllingUs: 0, StartBugReporterOnCrash: 0, Is64bit: 1, IsPro: 0

 COMMAND LINE ARGUMENTS:
C:\Program Files\Unity\Hub\Editor\2020.3.5f1\Editor\Unity.exe
-adb2
-batchMode
-noUpm
-name
AssetImportWorker0
-projectPath
C:/Users/tylan/Documents/Unity/Depth Gauge
-logFile
Logs/AssetImportWorker0.log
-srvPort
62809
Successfully changed project path to: C:/Users/tylan/Documents/Unity/Depth Gauge
C:/Users/tylan/Documents/Unity/Depth Gauge
Using Asset Import Pipeline V2.
Refreshing native plugins compatible for Editor in 74.69 ms, found 1 plugins.
Preloading 0 native plugins for Editor in 0.00 ms.
Initialize engine version: 2020.3.5f1 (8095aa901b9b)
[Subsystems] Discovering subsystems at path C:/Program Files/Unity/Hub/Editor/2020.3.5f1/Editor/Data/Resources/UnitySubsystems
[Subsystems] Discovering subsystems at path C:/Users/tylan/Documents/Unity/Depth Gauge/Assets
GfxDevice: creating device client; threaded=0
Direct3D:
    Version:  Direct3D 11.0 [level 11.0]
    Renderer: NVIDIA GeForce GTX 960M (ID=0x139b)
    Vendor:   
    VRAM:     2010 MB
    Driver:   27.21.14.6611
Shader 'Universal Render Pipeline/Particles/Lit': fallback shader 'Universal Render Pipeline/Particles/SimpleLit' not found
Initialize mono
Mono path[0] = 'C:/Program Files/Unity/Hub/Editor/2020.3.5f1/Editor/Data/Managed'
Mono path[1] = 'C:/Program Files/Unity/Hub/Editor/2020.3.5f1/Editor/Data/MonoBleedingEdge/lib/mono/unityjit'
Mono config path = 'C:/Program Files/Unity/Hub/Editor/2020.3.5f1/Editor/Data/MonoBleedingEdge/etc'
Using monoOptions --debugger-agent=transport=dt_socket,embedding=1,server=y,suspend=n,address=127.0.0.1:56900
Begin MonoManager ReloadAssembly
Registering precompiled unity dll's ...
Register platform support module: C:/Program Files/Unity/Hub/Editor/2020.3.5f1/Editor/Data/PlaybackEngines/WebGLSupport/UnityEditor.WebGL.Extensions.dll
Register platform support module: C:/Program Files/Unity/Hub/Editor/2020.3.5f1/Editor/Data/PlaybackEngines/WindowsStandaloneSupport/UnityEditor.WindowsStandalone.Extensions.dll
Registered in 0.002387 seconds.
Native extension for WindowsStandalone target not found
Native extension for WebGL target not found
Refreshing native plugins compatible for Editor in 71.85 ms, found 1 plugins.
Preloading 0 native plugins for Editor in 0.00 ms.
Mono: successfully reloaded assembly
- Completed reload, in  1.684 seconds
Platform modules already initialized, skipping
Registering precompiled user dll's ...
Registered in 0.002524 seconds.
Begin MonoManager ReloadAssembly
Native extension for WindowsStandalone target not found
Native extension for WebGL target not found
Refreshing native plugins compatible for Editor in 101.82 ms, found 1 plugins.
Preloading 0 native plugins for Editor in 0.00 ms.
Mono: successfully reloaded assembly
- Completed reload, in  1.882 seconds
Platform modules already initialized, skipping
========================================================================
Worker process is ready to serve import requests
Shader 'Universal Render Pipeline/Particles/Lit': fallback shader 'Universal Render Pipeline/Particles/SimpleLit' not found
Launched and connected shader compiler UnityShaderCompiler.exe after 0.07 seconds
Refreshing native plugins compatible for Editor in 0.97 ms, found 1 plugins.
Preloading 0 native plugins for Editor in 0.00 ms.
Unloading 2956 Unused Serialized files (Serialized files now loaded: 0)
System memory in use before: 130.9 MB.
System memory in use after: 131.1 MB.

Unloading 20 unused Assets to reduce memory usage. Loaded Objects now: 3403.
Total: 3.309100 ms (FindLiveObjects: 0.546500 ms CreateObjectMapping: 0.233100 ms MarkObjects: 2.437600 ms  DeleteObjects: 0.090100 ms)

========================================================================
Received Import Request.
  path: Assets/Scripts/CameraController.cs
  artifactKey: Guid(8c916825b75a23842967e63c428ede35) Importer(815301076,1909f56bfc062723c751e8b465ee728b)
Start importing Assets/Scripts/CameraController.cs using Guid(8c916825b75a23842967e63c428ede35) Importer(815301076,1909f56bfc062723c751e8b465ee728b)  -> (artifact id: '0d64146e1fc925d6b4baa894196d7d32') in 2.576735 seconds
  Import took 2.585717 seconds .

========================================================================
Received Import Request.
  Time since last request: 29.813342 seconds.
  path: Assets/Scripts/CameraController.cs
  artifactKey: Guid(8c916825b75a23842967e63c428ede35) Importer(815301076,1909f56bfc062723c751e8b465ee728b)
Start importing Assets/Scripts/CameraController.cs using Guid(8c916825b75a23842967e63c428ede35) Importer(815301076,1909f56bfc062723c751e8b465ee728b)  -> (artifact id: '99b42344da0bb8ee9752761ae3ce751e') in 0.007277 seconds
  Import took 0.016305 seconds .

========================================================================
Received Import Request.
  Time since last request: 46.329324 seconds.
  path: Assets/Scripts/CameraController.cs
  artifactKey: Guid(8c916825b75a23842967e63c428ede35) Importer(815301076,1909f56bfc062723c751e8b465ee728b)
Start importing Assets/Scripts/CameraController.cs using Guid(8c916825b75a23842967e63c428ede35) Importer(815301076,1909f56bfc062723c751e8b465ee728b)  -> (artifact id: 'f14c7f156ce93a1ead0e9c2df3a8ba41') in 0.004753 seconds
  Import took 0.013282 seconds .

========================================================================
Received Import Request.
  Time since last request: 0.003789 seconds.
  path: Assets/Scripts/CameraController.cs
  artifactKey: Guid(8c916825b75a23842967e63c428ede35) Importer(815301076,1909f56bfc062723c751e8b465ee728b)
Start importing Assets/Scripts/CameraController.cs using Guid(8c916825b75a23842967e63c428ede35) Importer(815301076,1909f56bfc062723c751e8b465ee728b)  -> (artifact id: 'f14c7f156ce93a1ead0e9c2df3a8ba41') in 0.003407 seconds
  Import took 0.011947 seconds .

========================================================================
Received Import Request.
  Time since last request: 24.323526 seconds.
  path: Assets/Scripts/CameraController.cs
  artifactKey: Guid(8c916825b75a23842967e63c428ede35) Importer(815301076,1909f56bfc062723c751e8b465ee728b)
Start importing Assets/Scripts/CameraController.cs using Guid(8c916825b75a23842967e63c428ede35) Importer(815301076,1909f56bfc062723c751e8b465ee728b)  -> (artifact id: '570b65419d7af3862640a1f4512b56b7') in 0.003727 seconds
  Import took 0.010699 seconds .

========================================================================
Received Prepare
Registering precompiled user dll's ...
Registered in 0.002170 seconds.
Begin MonoManager ReloadAssembly
Native extension for WindowsStandalone target not found
Native extension for WebGL target not found
Refreshing native plugins compatible for Editor in 0.51 ms, found 1 plugins.
Preloading 0 native plugins for Editor in 0.00 ms.
Mono: successfully reloaded assembly
- Completed reload, in  1.208 seconds
Platform modules already initialized, skipping
Shader 'Universal Render Pipeline/Particles/Lit': fallback shader 'Universal Render Pipeline/Particles/SimpleLit' not found
Refreshing native plugins compatible for Editor in 0.53 ms, found 1 plugins.
Preloading 0 native plugins for Editor in 0.00 ms.
Unloading 2841 Unused Serialized files (Serialized files now loaded: 0)
System memory in use before: 123.4 MB.
System memory in use after: 123.6 MB.

Unloading 9 unused Assets to reduce memory usage. Loaded Objects now: 3406.
Total: 2.826500 ms (FindLiveObjects: 0.277800 ms CreateObjectMapping: 0.133500 ms MarkObjects: 2.359100 ms  DeleteObjects: 0.055200 ms)

========================================================================
Received Prepare
Registering precompiled user dll's ...
Registered in 0.002092 seconds.
Begin MonoManager ReloadAssembly
Native extension for WindowsStandalone target not found
Native extension for WebGL target not found
Refreshing native plugins compatible for Editor in 0.53 ms, found 1 plugins.
Preloading 0 native plugins for Editor in 0.00 ms.
Mono: successfully reloaded assembly
- Completed reload, in  1.204 seconds
Platform modules already initialized, skipping
Shader 'Universal Render Pipeline/Particles/Lit': fallback shader 'Universal Render Pipeline/Particles/SimpleLit' not found
Refreshing native plugins compatible for Editor in 0.64 ms, found 1 plugins.
Preloading 0 native plugins for Editor in 0.00 ms.
Unloading 2841 Unused Serialized files (Serialized files now loaded: 0)
System memory in use before: 123.4 MB.
System memory in use after: 123.6 MB.

Unloading 9 unused Assets to reduce memory usage. Loaded Objects now: 3409.
Total: 4.329900 ms (FindLiveObjects: 0.327800 ms CreateObjectMapping: 0.581100 ms MarkObjects: 3.375500 ms  DeleteObjects: 0.044100 ms)

========================================================================
Received Prepare
Registering precompiled user dll's ...
Registered in 0.008531 seconds.
Begin MonoManager ReloadAssembly
Native extension for WindowsStandalone target not found
Native extension for WebGL target not found
Refreshing native plugins compatible for Editor in 0.54 ms, found 1 plugins.
Preloading 0 native plugins for Editor in 0.00 ms.
Mono: successfully reloaded assembly
- Completed reload, in  1.418 seconds
Platform modules already initialized, skipping
Shader 'Universal Render Pipeline/Particles/Lit': fallback shader 'Universal Render Pipeline/Particles/SimpleLit' not found
Refreshing native plugins compatible for Editor in 0.55 ms, found 1 plugins.
Preloading 0 native plugins for Editor in 0.00 ms.
Unloading 2841 Unused Serialized files (Serialized files now loaded: 0)
System memory in use before: 123.4 MB.
System memory in use after: 123.7 MB.

Unloading 9 unused Assets to reduce memory usage. Loaded Objects now: 3412.
Total: 4.534600 ms (FindLiveObjects: 0.697400 ms CreateObjectMapping: 0.170600 ms MarkObjects: 3.605000 ms  DeleteObjects: 0.059800 ms)

========================================================================
Received Import Request.
  Time since last request: 2958.473070 seconds.
  path: Assets/Sprites/Mithium.png
  artifactKey: Guid(9c2ed34f8563a614eb0c4640800ba7f7) Importer(815301076,1909f56bfc062723c751e8b465ee728b)
Start importing Assets/Sprites/Mithium.png using Guid(9c2ed34f8563a614eb0c4640800ba7f7) Importer(815301076,1909f56bfc062723c751e8b465ee728b)  -> (artifact id: '77fcb2d1c75dee2a16cb232dc509030a') in 0.172847 seconds
  Import took 0.184272 seconds .

========================================================================
Received Import Request.
  Time since last request: 10.291715 seconds.
  path: Assets/Sprites/Mithium.png
  artifactKey: Guid(9c2ed34f8563a614eb0c4640800ba7f7) Importer(815301076,1909f56bfc062723c751e8b465ee728b)
Start importing Assets/Sprites/Mithium.png using Guid(9c2ed34f8563a614eb0c4640800ba7f7) Importer(815301076,1909f56bfc062723c751e8b465ee728b)  -> (artifact id: 'a9c0dedeb6471cfc5f46a9e3e1e1e5b6') in 0.017967 seconds
  Import took 0.025222 seconds .

========================================================================
Received Import Request.
  Time since last request: 8.644341 seconds.
  path: Assets/Sprites/Mithium.png
  artifactKey: Guid(9c2ed34f8563a614eb0c4640800ba7f7) Importer(815301076,1909f56bfc062723c751e8b465ee728b)
Start importing Assets/Sprites/Mithium.png using Guid(9c2ed34f8563a614eb0c4640800ba7f7) Importer(815301076,1909f56bfc062723c751e8b465ee728b)  -> (artifact id: '77fdde21efc1a4fd92a24b5d159fe3b0') in 0.025578 seconds
  Import took 0.031650 seconds .

========================================================================
Received Import Request.
  Time since last request: 37.369332 seconds.
  path: Assets/Prefabs/Mithium.prefab
  artifactKey: Guid(c2cbdccd8ae286743a232605505048c8) Importer(815301076,1909f56bfc062723c751e8b465ee728b)
Start importing Assets/Prefabs/Mithium.prefab using Guid(c2cbdccd8ae286743a232605505048c8) Importer(815301076,1909f56bfc062723c751e8b465ee728b)  -> (artifact id: 'eb5c0d2df3d20c6a8fe1a95db15652c8') in 0.234003 seconds
  Import took 0.241579 seconds .

========================================================================
Received Prepare
Registering precompiled user dll's ...
Registered in 0.001881 seconds.
Begin MonoManager ReloadAssembly
Native extension for WindowsStandalone target not found
Native extension for WebGL target not found
Refreshing native plugins compatible for Editor in 0.89 ms, found 1 plugins.
Preloading 0 native plugins for Editor in 0.00 ms.
Mono: successfully reloaded assembly
- Completed reload, in  1.398 seconds
Platform modules already initialized, skipping
Shader 'Universal Render Pipeline/Particles/Lit': fallback shader 'Universal Render Pipeline/Particles/SimpleLit' not found
Refreshing native plugins compatible for Editor in 0.54 ms, found 1 plugins.
Preloading 0 native plugins for Editor in 0.00 ms.
Unloading 2841 Unused Serialized files (Serialized files now loaded: 0)
System memory in use before: 128.6 MB.
System memory in use after: 128.8 MB.

Unloading 9 unused Assets to reduce memory usage. Loaded Objects now: 3465.
Total: 3.607400 ms (FindLiveObjects: 0.310500 ms CreateObjectMapping: 0.149700 ms MarkObjects: 3.105600 ms  DeleteObjects: 0.040300 ms)

========================================================================
Received Import Request.
  Time since last request: 31.939501 seconds.
  path: Assets/Prefabs/Mithium.prefab
  artifactKey: Guid(c2cbdccd8ae286743a232605505048c8) Importer(815301076,1909f56bfc062723c751e8b465ee728b)
Start importing Assets/Prefabs/Mithium.prefab using Guid(c2cbdccd8ae286743a232605505048c8) Importer(815301076,1909f56bfc062723c751e8b465ee728b)  -> (artifact id: '8772d99ecf7d33ed5fa7c068c3ffca81') in 0.225090 seconds
  Import took 0.233410 seconds .

========================================================================
Received Import Request.
  Time since last request: 1.027198 seconds.
  path: Assets/Prefabs/Mithium.prefab
  artifactKey: Guid(c2cbdccd8ae286743a232605505048c8) Importer(815301076,1909f56bfc062723c751e8b465ee728b)
Start importing Assets/Prefabs/Mithium.prefab using Guid(c2cbdccd8ae286743a232605505048c8) Importer(815301076,1909f56bfc062723c751e8b465ee728b)  -> (artifact id: '517f41da4cd3e4bd62430d4d21c78aed') in 0.024666 seconds
  Import took 0.033818 seconds .

========================================================================
Received Import Request.
  Time since last request: 1.830839 seconds.
  path: Assets/Prefabs/Mithium.prefab
  artifactKey: Guid(c2cbdccd8ae286743a232605505048c8) Importer(815301076,1909f56bfc062723c751e8b465ee728b)
Start importing Assets/Prefabs/Mithium.prefab using Guid(c2cbdccd8ae286743a232605505048c8) Importer(815301076,1909f56bfc062723c751e8b465ee728b)  -> (artifact id: 'c8d8d771cf2103b1fa8ec3caf96a1102') in 0.019263 seconds
  Import took 0.027027 seconds .

========================================================================
Received Import Request.
  Time since last request: 2.057925 seconds.
  path: Assets/Prefabs/Mithium.prefab
  artifactKey: Guid(c2cbdccd8ae286743a232605505048c8) Importer(815301076,1909f56bfc062723c751e8b465ee728b)
Start importing Assets/Prefabs/Mithium.prefab using Guid(c2cbdccd8ae286743a232605505048c8) Importer(815301076,1909f56bfc062723c751e8b465ee728b)  -> (artifact id: 'd954dfeef3a9abed385044e0f96a4e37') in 0.018425 seconds
  Import took 0.025550 seconds .

========================================================================
Received Prepare
Registering precompiled user dll's ...
Registered in 0.002611 seconds.
Begin MonoManager ReloadAssembly
Native extension for WindowsStandalone target not found
Native extension for WebGL target not found
Refreshing native plugins compatible for Editor in 0.76 ms, found 1 plugins.
Preloading 0 native plugins for Editor in 0.00 ms.
Mono: successfully reloaded assembly
- Completed reload, in  1.381 seconds
Platform modules already initialized, skipping
Shader 'Universal Render Pipeline/Particles/Lit': fallback shader 'Universal Render Pipeline/Particles/SimpleLit' not found
Refreshing native plugins compatible for Editor in 0.51 ms, found 1 plugins.
Preloading 0 native plugins for Editor in 0.00 ms.
Unloading 2841 Unused Serialized files (Serialized files now loaded: 0)
System memory in use before: 128.8 MB.
System memory in use after: 129.0 MB.

Unloading 9 unused Assets to reduce memory usage. Loaded Objects now: 3504.
Total: 5.051900 ms (FindLiveObjects: 0.846000 ms CreateObjectMapping: 0.214300 ms MarkObjects: 3.962300 ms  DeleteObjects: 0.026800 ms)

========================================================================
Received Import Request.
  Time since last request: 524.353998 seconds.
  path: Assets/Sprites/Boulders.png
  artifactKey: Guid(98910a944c8d8cd41852328d0612d382) Importer(815301076,1909f56bfc062723c751e8b465ee728b)
Start importing Assets/Sprites/Boulders.png using Guid(98910a944c8d8cd41852328d0612d382) Importer(815301076,1909f56bfc062723c751e8b465ee728b)  -> (artifact id: 'd8165574e1ae835d5b296be58548ee4c') in 0.067137 seconds
  Import took 0.074218 seconds .

========================================================================
Received Import Request.
  Time since last request: 10.857830 seconds.
  path: Assets/Sprites/Boulders.png
  artifactKey: Guid(98910a944c8d8cd41852328d0612d382) Importer(815301076,1909f56bfc062723c751e8b465ee728b)
Start importing Assets/Sprites/Boulders.png using Guid(98910a944c8d8cd41852328d0612d382) Importer(815301076,1909f56bfc062723c751e8b465ee728b)  -> (artifact id: 'b1e6c66f8a54961581640fa7f7b2d792') in 0.015596 seconds
  Import took 0.025089 seconds .

========================================================================
Received Import Request.
  Time since last request: 6.986931 seconds.
  path: Assets/Sprites/Boulders.png
  artifactKey: Guid(98910a944c8d8cd41852328d0612d382) Importer(815301076,1909f56bfc062723c751e8b465ee728b)
Start importing Assets/Sprites/Boulders.png using Guid(98910a944c8d8cd41852328d0612d382) Importer(815301076,1909f56bfc062723c751e8b465ee728b)  -> (artifact id: '4ba692ba04c4bc74265ed8f4b0576b38') in 0.027140 seconds
  Import took 0.033494 seconds .

========================================================================
Received Import Request.
  Time since last request: 90.702735 seconds.
  path: Assets/Prefabs/Stone.prefab
  artifactKey: Guid(b295d8595a9038b47ad8e8aba3d4e712) Importer(815301076,1909f56bfc062723c751e8b465ee728b)
Start importing Assets/Prefabs/Stone.prefab using Guid(b295d8595a9038b47ad8e8aba3d4e712) Importer(815301076,1909f56bfc062723c751e8b465ee728b)  -> (artifact id: '11827e28cdcef8d81907c818fec51da6') in 0.161867 seconds
  Import took 0.169369 seconds .

========================================================================
Received Prepare
Registering precompiled user dll's ...
Registered in 0.002700 seconds.
Begin MonoManager ReloadAssembly
Native extension for WindowsStandalone target not found
Native extension for WebGL target not found
Refreshing native plugins compatible for Editor in 0.62 ms, found 1 plugins.
Preloading 0 native plugins for Editor in 0.00 ms.
Mono: successfully reloaded assembly
- Completed reload, in  1.228 seconds
Platform modules already initialized, skipping
Shader 'Universal Render Pipeline/Particles/Lit': fallback shader 'Universal Render Pipeline/Particles/SimpleLit' not found
Refreshing native plugins compatible for Editor in 0.62 ms, found 1 plugins.
Preloading 0 native plugins for Editor in 0.00 ms.
Unloading 2841 Unused Serialized files (Serialized files now loaded: 0)
System memory in use before: 128.9 MB.
System memory in use after: 129.1 MB.

Unloading 9 unused Assets to reduce memory usage. Loaded Objects now: 3543.
Total: 4.501900 ms (FindLiveObjects: 0.589600 ms CreateObjectMapping: 0.290500 ms MarkObjects: 3.598200 ms  DeleteObjects: 0.022100 ms)

========================================================================
Received Import Request.
  Time since last request: 1030.541663 seconds.
  path: Assets/Sprites/Ferrium.png
  artifactKey: Guid(3042673ecfe08b242a18ce87de1c43bd) Importer(815301076,1909f56bfc062723c751e8b465ee728b)
Start importing Assets/Sprites/Ferrium.png using Guid(3042673ecfe08b242a18ce87de1c43bd) Importer(815301076,1909f56bfc062723c751e8b465ee728b)  -> (artifact id: '1afe0e83683b680aa67eca8e308bb838') in 0.066443 seconds
  Import took 0.073017 seconds .

========================================================================
Received Import Request.
  Time since last request: 10.927550 seconds.
  path: Assets/Sprites/Ferrium.png
  artifactKey: Guid(3042673ecfe08b242a18ce87de1c43bd) Importer(815301076,1909f56bfc062723c751e8b465ee728b)
Start importing Assets/Sprites/Ferrium.png using Guid(3042673ecfe08b242a18ce87de1c43bd) Importer(815301076,1909f56bfc062723c751e8b465ee728b)  -> (artifact id: '62c1c7fb41cca75dfe86d6dbf7b5346b') in 0.021129 seconds
  Import took 0.029188 seconds .

========================================================================
Received Import Request.
  Time since last request: 8.461708 seconds.
  path: Assets/Sprites/Ferrium.png
  artifactKey: Guid(3042673ecfe08b242a18ce87de1c43bd) Importer(815301076,1909f56bfc062723c751e8b465ee728b)
Start importing Assets/Sprites/Ferrium.png using Guid(3042673ecfe08b242a18ce87de1c43bd) Importer(815301076,1909f56bfc062723c751e8b465ee728b)  -> (artifact id: '4cf087fc5c4527e148d10a774e22db5d') in 0.030615 seconds
  Import took 0.036577 seconds .

========================================================================
Received Import Request.
  Time since last request: 44.898126 seconds.
  path: Assets/Prefabs/Ferrium.prefab
  artifactKey: Guid(818b89c926b053b48ac86769e065f208) Importer(815301076,1909f56bfc062723c751e8b465ee728b)
Start importing Assets/Prefabs/Ferrium.prefab using Guid(818b89c926b053b48ac86769e065f208) Importer(815301076,1909f56bfc062723c751e8b465ee728b)  -> (artifact id: '1fe35af049ae4846ae91f2d41dfe58b1') in 0.199318 seconds
  Import took 0.206265 seconds .

========================================================================
Received Prepare
Registering precompiled user dll's ...
Registered in 0.002303 seconds.
Begin MonoManager ReloadAssembly
Native extension for WindowsStandalone target not found
Native extension for WebGL target not found
Refreshing native plugins compatible for Editor in 0.77 ms, found 1 plugins.
Preloading 0 native plugins for Editor in 0.00 ms.
Mono: successfully reloaded assembly
- Completed reload, in  1.736 seconds
Platform modules already initialized, skipping
Shader 'Universal Render Pipeline/Particles/Lit': fallback shader 'Universal Render Pipeline/Particles/SimpleLit' not found
Refreshing native plugins compatible for Editor in 0.71 ms, found 1 plugins.
Preloading 0 native plugins for Editor in 0.00 ms.
Unloading 2841 Unused Serialized files (Serialized files now loaded: 0)
System memory in use before: 129.0 MB.
System memory in use after: 129.2 MB.

Unloading 9 unused Assets to reduce memory usage. Loaded Objects now: 3582.
Total: 5.480800 ms (FindLiveObjects: 0.560100 ms CreateObjectMapping: 0.225800 ms MarkObjects: 4.651800 ms  DeleteObjects: 0.041000 ms)

========================================================================
Received Import Request.
  Time since last request: 918.108764 seconds.
  path: Assets/Prefabs
  artifactKey: Guid(1d39273899307444f926380614c23e88) Importer(815301076,1909f56bfc062723c751e8b465ee728b)
Start importing Assets/Prefabs using Guid(1d39273899307444f926380614c23e88) Importer(815301076,1909f56bfc062723c751e8b465ee728b)  -> (artifact id: '1af4900b7371071aa54d6e4a8e9bd960') in 0.016221 seconds
  Import took 0.024562 seconds .

========================================================================
Received Prepare
Registering precompiled user dll's ...
Registered in 0.002616 seconds.
Begin MonoManager ReloadAssembly
Native extension for WindowsStandalone target not found
Native extension for WebGL target not found
Refreshing native plugins compatible for Editor in 0.54 ms, found 1 plugins.
Preloading 0 native plugins for Editor in 0.00 ms.
Mono: successfully reloaded assembly
- Completed reload, in  1.238 seconds
Platform modules already initialized, skipping
Shader 'Universal Render Pipeline/Particles/Lit': fallback shader 'Universal Render Pipeline/Particles/SimpleLit' not found
Refreshing native plugins compatible for Editor in 0.51 ms, found 1 plugins.
Preloading 0 native plugins for Editor in 0.00 ms.
Unloading 2841 Unused Serialized files (Serialized files now loaded: 0)
System memory in use before: 129.0 MB.
System memory in use after: 129.2 MB.

Unloading 9 unused Assets to reduce memory usage. Loaded Objects now: 3585.
Total: 3.378500 ms (FindLiveObjects: 0.366400 ms CreateObjectMapping: 0.189800 ms MarkObjects: 2.798000 ms  DeleteObjects: 0.023300 ms)

========================================================================
Received Import Request.
  Time since last request: 21.165904 seconds.
  path: Assets/Prefabs/Dirt.prefab
  artifactKey: Guid(1fadf81673db1924bafb75c6dd90dde8) Importer(815301076,1909f56bfc062723c751e8b465ee728b)
Start importing Assets/Prefabs/Dirt.prefab using Guid(1fadf81673db1924bafb75c6dd90dde8) Importer(815301076,1909f56bfc062723c751e8b465ee728b)  -> (artifact id: '4033cecd33ba825dd061c3df97d95cde') in 0.202494 seconds
  Import took 0.209993 seconds .

========================================================================
Received Import Request.
  Time since last request: 9.221275 seconds.
  path: Assets/Prefabs/Dirt.prefab
  artifactKey: Guid(1fadf81673db1924bafb75c6dd90dde8) Importer(815301076,1909f56bfc062723c751e8b465ee728b)
Start importing Assets/Prefabs/Dirt.prefab using Guid(1fadf81673db1924bafb75c6dd90dde8) Importer(815301076,1909f56bfc062723c751e8b465ee728b)  -> (artifact id: '7be9ec31d2a38e7d92a0a61d4919f667') in 0.020548 seconds
  Import took 0.029409 seconds .

========================================================================
Received Import Request.
  Time since last request: 4.845516 seconds.
  path: Assets/Prefabs/Dirt.prefab
  artifactKey: Guid(1fadf81673db1924bafb75c6dd90dde8) Importer(815301076,1909f56bfc062723c751e8b465ee728b)
Start importing Assets/Prefabs/Dirt.prefab using Guid(1fadf81673db1924bafb75c6dd90dde8) Importer(815301076,1909f56bfc062723c751e8b465ee728b)  -> (artifact id: 'b06d978554f6837cb7e379a2bde2d749') in 0.015060 seconds
  Import took 0.021544 seconds .

========================================================================
Received Import Request.
  Time since last request: 9.209849 seconds.
  path: Assets/Prefabs/Dirt.prefab
  artifactKey: Guid(1fadf81673db1924bafb75c6dd90dde8) Importer(815301076,1909f56bfc062723c751e8b465ee728b)
Start importing Assets/Prefabs/Dirt.prefab using Guid(1fadf81673db1924bafb75c6dd90dde8) Importer(815301076,1909f56bfc062723c751e8b465ee728b)  -> (artifact id: '822aeb45a38ab2129cb0738eb0bfb349') in 0.014592 seconds
  Import took 0.020800 seconds .

========================================================================
Received Import Request.
  Time since last request: 1.362452 seconds.
  path: Assets/Prefabs/Dirt.prefab
  artifactKey: Guid(1fadf81673db1924bafb75c6dd90dde8) Importer(815301076,1909f56bfc062723c751e8b465ee728b)
Start importing Assets/Prefabs/Dirt.prefab using Guid(1fadf81673db1924bafb75c6dd90dde8) Importer(815301076,1909f56bfc062723c751e8b465ee728b)  -> (artifact id: 'acda523c525824db6fd602dc6cabadea') in 0.014411 seconds
  Import took 0.022374 seconds .

========================================================================
Received Import Request.
  Time since last request: 10.762699 seconds.
  path: Assets/Sprites/DirtPieces.png
  artifactKey: Guid(cced5d13d562da84a879c6fea2871989) Importer(815301076,1909f56bfc062723c751e8b465ee728b)
Start importing Assets/Sprites/DirtPieces.png using Guid(cced5d13d562da84a879c6fea2871989) Importer(815301076,1909f56bfc062723c751e8b465ee728b)  -> (artifact id: '1be2d22e14fa8be69b3a9aebfa68f4c6') in 0.039333 seconds
  Import took 0.045952 seconds .

========================================================================
Received Import Request.
  Time since last request: 23.069995 seconds.
  path: Assets/Prefabs/Dirt.prefab
  artifactKey: Guid(1fadf81673db1924bafb75c6dd90dde8) Importer(815301076,1909f56bfc062723c751e8b465ee728b)
Start importing Assets/Prefabs/Dirt.prefab using Guid(1fadf81673db1924bafb75c6dd90dde8) Importer(815301076,1909f56bfc062723c751e8b465ee728b)  -> (artifact id: '5b661d339fe3e717715398fd9e46591a') in 0.017736 seconds
  Import took 0.026369 seconds .

========================================================================
Received Prepare
Registering precompiled user dll's ...
Registered in 0.001976 seconds.
Begin MonoManager ReloadAssembly
Native extension for WindowsStandalone target not found
Native extension for WebGL target not found
Refreshing native plugins compatible for Editor in 0.52 ms, found 1 plugins.
Preloading 0 native plugins for Editor in 0.00 ms.
Mono: successfully reloaded assembly
- Completed reload, in  1.182 seconds
Platform modules already initialized, skipping
Shader 'Universal Render Pipeline/Particles/Lit': fallback shader 'Universal Render Pipeline/Particles/SimpleLit' not found
Refreshing native plugins compatible for Editor in 0.52 ms, found 1 plugins.
Preloading 0 native plugins for Editor in 0.00 ms.
Unloading 2841 Unused Serialized files (Serialized files now loaded: 0)
System memory in use before: 129.1 MB.
System memory in use after: 129.4 MB.

Unloading 9 unused Assets to reduce memory usage. Loaded Objects now: 3624.
Total: 3.668700 ms (FindLiveObjects: 0.531800 ms CreateObjectMapping: 0.163600 ms MarkObjects: 2.950100 ms  DeleteObjects: 0.021600 ms)

========================================================================
Received Import Request.
  Time since last request: 946.353552 seconds.
  path: Assets/Sprites/Granicrete.png
  artifactKey: Guid(1f2bdbf119b3c1a4296ec4de5e28a3f6) Importer(815301076,1909f56bfc062723c751e8b465ee728b)
Start importing Assets/Sprites/Granicrete.png using Guid(1f2bdbf119b3c1a4296ec4de5e28a3f6) Importer(815301076,1909f56bfc062723c751e8b465ee728b)  -> (artifact id: '7e8b40fc85e4af6c1a474939cfe275f3') in 0.062013 seconds
  Import took 0.067381 seconds .

========================================================================
Received Prepare
Registering precompiled user dll's ...
Registered in 0.002288 seconds.
Begin MonoManager ReloadAssembly
Native extension for WindowsStandalone target not found
Native extension for WebGL target not found
Refreshing native plugins compatible for Editor in 0.52 ms, found 1 plugins.
Preloading 0 native plugins for Editor in 0.00 ms.
Mono: successfully reloaded assembly
- Completed reload, in  1.373 seconds
Platform modules already initialized, skipping
Shader 'Universal Render Pipeline/Particles/Lit': fallback shader 'Universal Render Pipeline/Particles/SimpleLit' not found
Refreshing native plugins compatible for Editor in 0.57 ms, found 1 plugins.
Preloading 0 native plugins for Editor in 0.00 ms.
Unloading 2841 Unused Serialized files (Serialized files now loaded: 0)
System memory in use before: 129.1 MB.
System memory in use after: 129.4 MB.

Unloading 9 unused Assets to reduce memory usage. Loaded Objects now: 3628.
Total: 3.282200 ms (FindLiveObjects: 0.404200 ms CreateObjectMapping: 0.189400 ms MarkObjects: 2.639500 ms  DeleteObjects: 0.047500 ms)

========================================================================
Received Import Request.
  Time since last request: 377.246842 seconds.
  path: Assets/Sprites/Granicrete.png
  artifactKey: Guid(1f2bdbf119b3c1a4296ec4de5e28a3f6) Importer(815301076,1909f56bfc062723c751e8b465ee728b)
Start importing Assets/Sprites/Granicrete.png using Guid(1f2bdbf119b3c1a4296ec4de5e28a3f6) Importer(815301076,1909f56bfc062723c751e8b465ee728b)  -> (artifact id: 'ba1f0ecd3365bc7b2a6bba6d8f53adce') in 0.061755 seconds
  Import took 0.069769 seconds .

========================================================================
Received Import Request.
  Time since last request: 5.296311 seconds.
  path: Assets/Prefabs/Dirt.prefab
  artifactKey: Guid(1fadf81673db1924bafb75c6dd90dde8) Importer(815301076,1909f56bfc062723c751e8b465ee728b)
Start importing Assets/Prefabs/Dirt.prefab using Guid(1fadf81673db1924bafb75c6dd90dde8) Importer(815301076,1909f56bfc062723c751e8b465ee728b)  -> (artifact id: '7aefd0e6262c17b2467dd7cd28dcff9e') in 0.156770 seconds
  Import took 0.163531 seconds .

========================================================================
Received Import Request.
  Time since last request: 0.000375 seconds.
  path: Assets/Prefabs/Stone.prefab
  artifactKey: Guid(b295d8595a9038b47ad8e8aba3d4e712) Importer(815301076,1909f56bfc062723c751e8b465ee728b)
Start importing Assets/Prefabs/Stone.prefab using Guid(b295d8595a9038b47ad8e8aba3d4e712) Importer(815301076,1909f56bfc062723c751e8b465ee728b)  -> (artifact id: '7befb33ead262a7e37d771fb7141da0c') in 0.028412 seconds
  Import took 0.035289 seconds .

========================================================================
Received Import Request.
  Time since last request: 0.000357 seconds.
  path: Assets/Prefabs/Granite.prefab
  artifactKey: Guid(dbc92f1fc9c50e54fb25305cb77ceca9) Importer(815301076,1909f56bfc062723c751e8b465ee728b)
Start importing Assets/Prefabs/Granite.prefab using Guid(dbc92f1fc9c50e54fb25305cb77ceca9) Importer(815301076,1909f56bfc062723c751e8b465ee728b)  -> (artifact id: 'ac45364be9c2022d141e05cd7c717d22') in 0.030755 seconds
  Import took 0.037616 seconds .

========================================================================
Received Import Request.
  Time since last request: 0.000336 seconds.
  path: Assets/Prefabs/Mithium.prefab
  artifactKey: Guid(c2cbdccd8ae286743a232605505048c8) Importer(815301076,1909f56bfc062723c751e8b465ee728b)
Start importing Assets/Prefabs/Mithium.prefab using Guid(c2cbdccd8ae286743a232605505048c8) Importer(815301076,1909f56bfc062723c751e8b465ee728b)  -> (artifact id: '57d0634796cfb484326b1eeb88ca7888') in 0.021687 seconds
  Import took 0.028783 seconds .

========================================================================
Received Import Request.
  Time since last request: 0.000314 seconds.
  path: Assets/Prefabs/Ferrium.prefab
  artifactKey: Guid(818b89c926b053b48ac86769e065f208) Importer(815301076,1909f56bfc062723c751e8b465ee728b)
Start importing Assets/Prefabs/Ferrium.prefab using Guid(818b89c926b053b48ac86769e065f208) Importer(815301076,1909f56bfc062723c751e8b465ee728b)  -> (artifact id: '136ca34d6368efcca0d7e568a9826990') in 0.019453 seconds
  Import took 0.028119 seconds .

========================================================================
Received Import Request.
  Time since last request: 35.939730 seconds.
  path: Assets/Prefabs/Granicrete.prefab
  artifactKey: Guid(f3bd9b75bd34c8d4e86fd8f00ed048ac) Importer(815301076,1909f56bfc062723c751e8b465ee728b)
Start importing Assets/Prefabs/Granicrete.prefab using Guid(f3bd9b75bd34c8d4e86fd8f00ed048ac) Importer(815301076,1909f56bfc062723c751e8b465ee728b)  -> (artifact id: '1d4eed3db2ff889ba4099bdad15c5597') in 0.018922 seconds
  Import took 0.028015 seconds .

========================================================================
Received Import Request.
  Time since last request: 10.697800 seconds.
  path: Assets/Prefabs/Dirt.prefab
  artifactKey: Guid(1fadf81673db1924bafb75c6dd90dde8) Importer(815301076,1909f56bfc062723c751e8b465ee728b)
Start importing Assets/Prefabs/Dirt.prefab using Guid(1fadf81673db1924bafb75c6dd90dde8) Importer(815301076,1909f56bfc062723c751e8b465ee728b)  -> (artifact id: '2891325c438907de2a09d08ab663bbda') in 0.015343 seconds
  Import took 0.022884 seconds .

========================================================================
Received Import Request.
  Time since last request: 26.308549 seconds.
  path: Assets/Prefabs/Granicrete.prefab
  artifactKey: Guid(f3bd9b75bd34c8d4e86fd8f00ed048ac) Importer(815301076,1909f56bfc062723c751e8b465ee728b)
Start importing Assets/Prefabs/Granicrete.prefab using Guid(f3bd9b75bd34c8d4e86fd8f00ed048ac) Importer(815301076,1909f56bfc062723c751e8b465ee728b)  -> (artifact id: '4eb4a3bf8baca2c4f92bbc948f5c4139') in 0.019273 seconds
  Import took 0.028878 seconds .

========================================================================
Received Prepare
Registering precompiled user dll's ...
Registered in 0.003643 seconds.
Begin MonoManager ReloadAssembly
Native extension for WindowsStandalone target not found
Native extension for WebGL target not found
Refreshing native plugins compatible for Editor in 0.53 ms, found 1 plugins.
Preloading 0 native plugins for Editor in 0.00 ms.
Mono: successfully reloaded assembly
- Completed reload, in  1.298 seconds
Platform modules already initialized, skipping
Shader 'Universal Render Pipeline/Particles/Lit': fallback shader 'Universal Render Pipeline/Particles/SimpleLit' not found
Refreshing native plugins compatible for Editor in 0.70 ms, found 1 plugins.
Preloading 0 native plugins for Editor in 0.00 ms.
Unloading 2841 Unused Serialized files (Serialized files now loaded: 0)
System memory in use before: 129.3 MB.
System memory in use after: 129.5 MB.

Unloading 9 unused Assets to reduce memory usage. Loaded Objects now: 3667.
Total: 4.100100 ms (FindLiveObjects: 0.539700 ms CreateObjectMapping: 0.229400 ms MarkObjects: 3.309000 ms  DeleteObjects: 0.020800 ms)

========================================================================
Received Import Request.
  Time since last request: 105.407949 seconds.
  path: Assets/Prefabs/Granicrete.prefab
  artifactKey: Guid(f3bd9b75bd34c8d4e86fd8f00ed048ac) Importer(815301076,1909f56bfc062723c751e8b465ee728b)
Start importing Assets/Prefabs/Granicrete.prefab using Guid(f3bd9b75bd34c8d4e86fd8f00ed048ac) Importer(815301076,1909f56bfc062723c751e8b465ee728b)  -> (artifact id: '39d9505d38952040ce13ddaeb1cc231f') in 0.217561 seconds
  Import took 0.225790 seconds .

========================================================================
Received Import Request.
  Time since last request: 1.813475 seconds.
  path: Assets/Prefabs/Granicrete.prefab
  artifactKey: Guid(f3bd9b75bd34c8d4e86fd8f00ed048ac) Importer(815301076,1909f56bfc062723c751e8b465ee728b)
Start importing Assets/Prefabs/Granicrete.prefab using Guid(f3bd9b75bd34c8d4e86fd8f00ed048ac) Importer(815301076,1909f56bfc062723c751e8b465ee728b)  -> (artifact id: 'b692b33bf59c5b950c024dd4064a8ae2') in 0.015595 seconds
  Import took 0.026718 seconds .

========================================================================
Received Import Request.
  Time since last request: 1.838334 seconds.
  path: Assets/Prefabs/Granicrete.prefab
  artifactKey: Guid(f3bd9b75bd34c8d4e86fd8f00ed048ac) Importer(815301076,1909f56bfc062723c751e8b465ee728b)
Start importing Assets/Prefabs/Granicrete.prefab using Guid(f3bd9b75bd34c8d4e86fd8f00ed048ac) Importer(815301076,1909f56bfc062723c751e8b465ee728b)  -> (artifact id: 'f4c4f8d9a17ec598d70aae89b549f183') in 0.017047 seconds
  Import took 0.024605 seconds .

========================================================================
Received Import Request.
  Time since last request: 1.718082 seconds.
  path: Assets/Prefabs/Granicrete.prefab
  artifactKey: Guid(f3bd9b75bd34c8d4e86fd8f00ed048ac) Importer(815301076,1909f56bfc062723c751e8b465ee728b)
Start importing Assets/Prefabs/Granicrete.prefab using Guid(f3bd9b75bd34c8d4e86fd8f00ed048ac) Importer(815301076,1909f56bfc062723c751e8b465ee728b)  -> (artifact id: 'b3c9f7f3271fdd82ef7ae3678fb57059') in 0.018088 seconds
  Import took 0.025929 seconds .

========================================================================
Received Prepare
Registering precompiled user dll's ...
Registered in 0.004140 seconds.
Begin MonoManager ReloadAssembly
Native extension for WindowsStandalone target not found
Native extension for WebGL target not found
Refreshing native plugins compatible for Editor in 0.54 ms, found 1 plugins.
Preloading 0 native plugins for Editor in 0.00 ms.
Mono: successfully reloaded assembly
- Completed reload, in  1.202 seconds
Platform modules already initialized, skipping
Shader 'Universal Render Pipeline/Particles/Lit': fallback shader 'Universal Render Pipeline/Particles/SimpleLit' not found
Refreshing native plugins compatible for Editor in 0.63 ms, found 1 plugins.
Preloading 0 native plugins for Editor in 0.00 ms.
Unloading 2841 Unused Serialized files (Serialized files now loaded: 0)
System memory in use before: 129.4 MB.
System memory in use after: 129.6 MB.

Unloading 9 unused Assets to reduce memory usage. Loaded Objects now: 3706.
Total: 3.751700 ms (FindLiveObjects: 0.633100 ms CreateObjectMapping: 0.322400 ms MarkObjects: 2.748200 ms  DeleteObjects: 0.046600 ms)

========================================================================
Received Prepare
Registering precompiled user dll's ...
Registered in 0.002129 seconds.
Begin MonoManager ReloadAssembly
Native extension for WindowsStandalone target not found
Native extension for WebGL target not found
Refreshing native plugins compatible for Editor in 0.52 ms, found 1 plugins.
Preloading 0 native plugins for Editor in 0.00 ms.
Mono: successfully reloaded assembly
- Completed reload, in  1.266 seconds
Platform modules already initialized, skipping
Shader 'Universal Render Pipeline/Particles/Lit': fallback shader 'Universal Render Pipeline/Particles/SimpleLit' not found
Refreshing native plugins compatible for Editor in 0.52 ms, found 1 plugins.
Preloading 0 native plugins for Editor in 0.00 ms.
Unloading 2841 Unused Serialized files (Serialized files now loaded: 0)
System memory in use before: 129.4 MB.
System memory in use after: 129.6 MB.

Unloading 9 unused Assets to reduce memory usage. Loaded Objects now: 3709.
Total: 4.360400 ms (FindLiveObjects: 0.443100 ms CreateObjectMapping: 0.323500 ms MarkObjects: 3.532200 ms  DeleteObjects: 0.059900 ms)

========================================================================
Received Prepare
Registering precompiled user dll's ...
Registered in 0.003322 seconds.
Begin MonoManager ReloadAssembly
Native extension for WindowsStandalone target not found
Native extension for WebGL target not found
Refreshing native plugins compatible for Editor in 0.90 ms, found 1 plugins.
Preloading 0 native plugins for Editor in 0.00 ms.
Mono: successfully reloaded assembly
- Completed reload, in  1.729 seconds
Platform modules already initialized, skipping
Shader 'Universal Render Pipeline/Particles/Lit': fallback shader 'Universal Render Pipeline/Particles/SimpleLit' not found
Refreshing native plugins compatible for Editor in 1.11 ms, found 1 plugins.
Preloading 0 native plugins for Editor in 0.00 ms.
Unloading 2841 Unused Serialized files (Serialized files now loaded: 0)
System memory in use before: 129.4 MB.
System memory in use after: 129.6 MB.

Unloading 9 unused Assets to reduce memory usage. Loaded Objects now: 3712.
Total: 4.472900 ms (FindLiveObjects: 0.685300 ms CreateObjectMapping: 0.339000 ms MarkObjects: 3.407500 ms  DeleteObjects: 0.039100 ms)

