Using pre-set license
Built from '2020.3/staging' branch; Version is '2020.3.5f1 (8095aa901b9b) revision 8426922'; Using compiler version '192528614'; Build Type 'Release'
OS: 'Windows 10 Home; OS build 19042.928; Version 2009; 64bit' Language: 'en' Physical Memory: 8041 MB
BatchMode: 1, IsHumanControllingUs: 0, StartBugReporterOnCrash: 0, Is64bit: 1, IsPro: 0

 COMMAND LINE ARGUMENTS:
C:\Program Files\Unity\Hub\Editor\2020.3.5f1\Editor\Unity.exe
-adb2
-batchMode
-noUpm
-name
AssetImportWorker0
-projectPath
C:/Users/tylan/Documents/Unity/Depth Gauge
-logFile
Logs/AssetImportWorker0.log
-srvPort
65534
Successfully changed project path to: C:/Users/tylan/Documents/Unity/Depth Gauge
C:/Users/tylan/Documents/Unity/Depth Gauge
Using Asset Import Pipeline V2.
Refreshing native plugins compatible for Editor in 121.12 ms, found 1 plugins.
Preloading 0 native plugins for Editor in 0.00 ms.
Initialize engine version: 2020.3.5f1 (8095aa901b9b)
[Subsystems] Discovering subsystems at path C:/Program Files/Unity/Hub/Editor/2020.3.5f1/Editor/Data/Resources/UnitySubsystems
[Subsystems] Discovering subsystems at path C:/Users/tylan/Documents/Unity/Depth Gauge/Assets
GfxDevice: creating device client; threaded=0
Direct3D:
    Version:  Direct3D 11.0 [level 11.0]
    Renderer: NVIDIA GeForce GTX 960M (ID=0x139b)
    Vendor:   
    VRAM:     2010 MB
    Driver:   27.21.14.6611
Shader 'Universal Render Pipeline/Particles/Lit': fallback shader 'Universal Render Pipeline/Particles/SimpleLit' not found
Initialize mono
Mono path[0] = 'C:/Program Files/Unity/Hub/Editor/2020.3.5f1/Editor/Data/Managed'
Mono path[1] = 'C:/Program Files/Unity/Hub/Editor/2020.3.5f1/Editor/Data/MonoBleedingEdge/lib/mono/unityjit'
Mono config path = 'C:/Program Files/Unity/Hub/Editor/2020.3.5f1/Editor/Data/MonoBleedingEdge/etc'
Using monoOptions --debugger-agent=transport=dt_socket,embedding=1,server=y,suspend=n,address=127.0.0.1:56424
Begin MonoManager ReloadAssembly
Registering precompiled unity dll's ...
Register platform support module: C:/Program Files/Unity/Hub/Editor/2020.3.5f1/Editor/Data/PlaybackEngines/WebGLSupport/UnityEditor.WebGL.Extensions.dll
Register platform support module: C:/Program Files/Unity/Hub/Editor/2020.3.5f1/Editor/Data/PlaybackEngines/WindowsStandaloneSupport/UnityEditor.WindowsStandalone.Extensions.dll
Registered in 0.002917 seconds.
Native extension for WindowsStandalone target not found
Native extension for WebGL target not found
Refreshing native plugins compatible for Editor in 74.95 ms, found 1 plugins.
Preloading 0 native plugins for Editor in 0.00 ms.
Mono: successfully reloaded assembly
- Completed reload, in  1.709 seconds
Platform modules already initialized, skipping
Registering precompiled user dll's ...
Registered in 0.001881 seconds.
Begin MonoManager ReloadAssembly
Native extension for WindowsStandalone target not found
Native extension for WebGL target not found
Refreshing native plugins compatible for Editor in 162.74 ms, found 1 plugins.
Preloading 0 native plugins for Editor in 0.00 ms.
Mono: successfully reloaded assembly
- Completed reload, in  2.503 seconds
Platform modules already initialized, skipping
========================================================================
Worker process is ready to serve import requests
Shader 'Universal Render Pipeline/Particles/Lit': fallback shader 'Universal Render Pipeline/Particles/SimpleLit' not found
Launched and connected shader compiler UnityShaderCompiler.exe after 0.07 seconds
Refreshing native plugins compatible for Editor in 0.63 ms, found 1 plugins.
Preloading 0 native plugins for Editor in 0.00 ms.
Unloading 2957 Unused Serialized files (Serialized files now loaded: 0)
System memory in use before: 131.0 MB.
System memory in use after: 131.2 MB.

Unloading 20 unused Assets to reduce memory usage. Loaded Objects now: 3404.
Total: 8.511200 ms (FindLiveObjects: 5.397000 ms CreateObjectMapping: 0.367900 ms MarkObjects: 2.653900 ms  DeleteObjects: 0.089900 ms)

========================================================================
Received Import Request.
  path: Assets/Scripts/CameraController.cs
  artifactKey: Guid(8c916825b75a23842967e63c428ede35) Importer(815301076,1909f56bfc062723c751e8b465ee728b)
Start importing Assets/Scripts/CameraController.cs using Guid(8c916825b75a23842967e63c428ede35) Importer(815301076,1909f56bfc062723c751e8b465ee728b)  -> (artifact id: 'efbc1b4a1a3e463ccd5260148716216d') in 0.183406 seconds
  Import took 0.954885 seconds .

========================================================================
Received Import Request.
  Time since last request: 105.613623 seconds.
  path: Assets/Scripts/CameraController.cs
  artifactKey: Guid(8c916825b75a23842967e63c428ede35) Importer(815301076,1909f56bfc062723c751e8b465ee728b)
Start importing Assets/Scripts/CameraController.cs using Guid(8c916825b75a23842967e63c428ede35) Importer(815301076,1909f56bfc062723c751e8b465ee728b)  -> (artifact id: 'f55ef43452401f5e3f43631b090f92b0') in 0.004375 seconds
  Import took 0.011777 seconds .

========================================================================
Received Import Request.
  Time since last request: 0.355037 seconds.
  path: Assets/Scripts/CameraController.cs
  artifactKey: Guid(8c916825b75a23842967e63c428ede35) Importer(815301076,1909f56bfc062723c751e8b465ee728b)
Start importing Assets/Scripts/CameraController.cs using Guid(8c916825b75a23842967e63c428ede35) Importer(815301076,1909f56bfc062723c751e8b465ee728b)  -> (artifact id: 'f55ef43452401f5e3f43631b090f92b0') in 0.016783 seconds
  Import took 0.030770 seconds .

========================================================================
Received Prepare
Registering precompiled user dll's ...
Registered in 0.002216 seconds.
Begin MonoManager ReloadAssembly
Native extension for WindowsStandalone target not found
Native extension for WebGL target not found
Refreshing native plugins compatible for Editor in 0.53 ms, found 1 plugins.
Preloading 0 native plugins for Editor in 0.00 ms.
Mono: successfully reloaded assembly
- Completed reload, in  1.297 seconds
Platform modules already initialized, skipping
Shader 'Universal Render Pipeline/Particles/Lit': fallback shader 'Universal Render Pipeline/Particles/SimpleLit' not found
Refreshing native plugins compatible for Editor in 0.84 ms, found 1 plugins.
Preloading 0 native plugins for Editor in 0.00 ms.
Unloading 2842 Unused Serialized files (Serialized files now loaded: 0)
System memory in use before: 123.5 MB.
System memory in use after: 123.7 MB.

Unloading 9 unused Assets to reduce memory usage. Loaded Objects now: 3407.
Total: 4.469000 ms (FindLiveObjects: 0.469700 ms CreateObjectMapping: 0.244000 ms MarkObjects: 3.723300 ms  DeleteObjects: 0.030000 ms)

========================================================================
Received Prepare
Registering precompiled user dll's ...
Registered in 0.002505 seconds.
Begin MonoManager ReloadAssembly
Native extension for WindowsStandalone target not found
Native extension for WebGL target not found
Refreshing native plugins compatible for Editor in 0.84 ms, found 1 plugins.
Preloading 0 native plugins for Editor in 0.00 ms.
Mono: successfully reloaded assembly
- Completed reload, in  2.159 seconds
Platform modules already initialized, skipping
Shader 'Universal Render Pipeline/Particles/Lit': fallback shader 'Universal Render Pipeline/Particles/SimpleLit' not found
Refreshing native plugins compatible for Editor in 0.78 ms, found 1 plugins.
Preloading 0 native plugins for Editor in 0.00 ms.
Unloading 2842 Unused Serialized files (Serialized files now loaded: 0)
System memory in use before: 123.5 MB.
System memory in use after: 123.8 MB.

Unloading 9 unused Assets to reduce memory usage. Loaded Objects now: 3410.
Total: 5.100100 ms (FindLiveObjects: 0.425300 ms CreateObjectMapping: 0.250300 ms MarkObjects: 4.366400 ms  DeleteObjects: 0.056700 ms)

========================================================================
Received Prepare
Registering precompiled user dll's ...
Registered in 0.001977 seconds.
Begin MonoManager ReloadAssembly
Native extension for WindowsStandalone target not found
Native extension for WebGL target not found
Refreshing native plugins compatible for Editor in 0.67 ms, found 1 plugins.
Preloading 0 native plugins for Editor in 0.00 ms.
Mono: successfully reloaded assembly
- Completed reload, in  1.269 seconds
Platform modules already initialized, skipping
Shader 'Universal Render Pipeline/Particles/Lit': fallback shader 'Universal Render Pipeline/Particles/SimpleLit' not found
Refreshing native plugins compatible for Editor in 1.05 ms, found 1 plugins.
Preloading 0 native plugins for Editor in 0.00 ms.
Unloading 2842 Unused Serialized files (Serialized files now loaded: 0)
System memory in use before: 123.6 MB.
System memory in use after: 123.8 MB.

Unloading 9 unused Assets to reduce memory usage. Loaded Objects now: 3413.
Total: 5.366000 ms (FindLiveObjects: 1.070200 ms CreateObjectMapping: 0.256400 ms MarkObjects: 4.001900 ms  DeleteObjects: 0.034900 ms)

========================================================================
Received Prepare
Registering precompiled user dll's ...
Registered in 0.001981 seconds.
Begin MonoManager ReloadAssembly
Native extension for WindowsStandalone target not found
Native extension for WebGL target not found
Refreshing native plugins compatible for Editor in 0.52 ms, found 1 plugins.
Preloading 0 native plugins for Editor in 0.00 ms.
Mono: successfully reloaded assembly
- Completed reload, in  1.284 seconds
Platform modules already initialized, skipping
Shader 'Universal Render Pipeline/Particles/Lit': fallback shader 'Universal Render Pipeline/Particles/SimpleLit' not found
Refreshing native plugins compatible for Editor in 0.55 ms, found 1 plugins.
Preloading 0 native plugins for Editor in 0.00 ms.
Unloading 2842 Unused Serialized files (Serialized files now loaded: 0)
System memory in use before: 123.6 MB.
System memory in use after: 123.8 MB.

Unloading 9 unused Assets to reduce memory usage. Loaded Objects now: 3416.
Total: 3.867600 ms (FindLiveObjects: 0.423100 ms CreateObjectMapping: 0.244600 ms MarkObjects: 3.178900 ms  DeleteObjects: 0.019700 ms)

========================================================================
Received Import Request.
  Time since last request: 415.005928 seconds.
  path: Assets/Sprites/Granicrete.png
  artifactKey: Guid(1f2bdbf119b3c1a4296ec4de5e28a3f6) Importer(815301076,1909f56bfc062723c751e8b465ee728b)
Start importing Assets/Sprites/Granicrete.png using Guid(1f2bdbf119b3c1a4296ec4de5e28a3f6) Importer(815301076,1909f56bfc062723c751e8b465ee728b)  -> (artifact id: '56f9b8c7d849b06b92385cbdcb433970') in 0.245616 seconds
  Import took 0.256684 seconds .

========================================================================
Received Prepare
Registering precompiled user dll's ...
Registered in 0.001712 seconds.
Begin MonoManager ReloadAssembly
Native extension for WindowsStandalone target not found
Native extension for WebGL target not found
Refreshing native plugins compatible for Editor in 0.78 ms, found 1 plugins.
Preloading 0 native plugins for Editor in 0.00 ms.
Mono: successfully reloaded assembly
- Completed reload, in  1.628 seconds
Platform modules already initialized, skipping
Shader 'Universal Render Pipeline/Particles/Lit': fallback shader 'Universal Render Pipeline/Particles/SimpleLit' not found
Refreshing native plugins compatible for Editor in 0.76 ms, found 1 plugins.
Preloading 0 native plugins for Editor in 0.00 ms.
Unloading 2842 Unused Serialized files (Serialized files now loaded: 0)
System memory in use before: 126.6 MB.
System memory in use after: 126.8 MB.

Unloading 9 unused Assets to reduce memory usage. Loaded Objects now: 3425.
Total: 3.317500 ms (FindLiveObjects: 0.464000 ms CreateObjectMapping: 0.276200 ms MarkObjects: 2.547700 ms  DeleteObjects: 0.027700 ms)

========================================================================
Received Prepare
Registering precompiled user dll's ...
Registered in 0.002634 seconds.
Begin MonoManager ReloadAssembly
Native extension for WindowsStandalone target not found
Native extension for WebGL target not found
Refreshing native plugins compatible for Editor in 0.95 ms, found 1 plugins.
Preloading 0 native plugins for Editor in 0.00 ms.
Mono: successfully reloaded assembly
- Completed reload, in  3.285 seconds
Platform modules already initialized, skipping
Shader 'Universal Render Pipeline/Particles/Lit': fallback shader 'Universal Render Pipeline/Particles/SimpleLit' not found
Refreshing native plugins compatible for Editor in 1.00 ms, found 1 plugins.
Preloading 0 native plugins for Editor in 0.00 ms.
Unloading 2842 Unused Serialized files (Serialized files now loaded: 0)
System memory in use before: 126.6 MB.
System memory in use after: 126.8 MB.

Unloading 9 unused Assets to reduce memory usage. Loaded Objects now: 3428.
Total: 7.998200 ms (FindLiveObjects: 0.707300 ms CreateObjectMapping: 0.508200 ms MarkObjects: 6.733900 ms  DeleteObjects: 0.046500 ms)

========================================================================
Received Prepare
Registering precompiled user dll's ...
Registered in 0.002429 seconds.
Begin MonoManager ReloadAssembly
Native extension for WindowsStandalone target not found
Native extension for WebGL target not found
Refreshing native plugins compatible for Editor in 2.17 ms, found 1 plugins.
Preloading 0 native plugins for Editor in 0.00 ms.
Mono: successfully reloaded assembly
- Completed reload, in  3.322 seconds
Platform modules already initialized, skipping
Shader 'Universal Render Pipeline/Particles/Lit': fallback shader 'Universal Render Pipeline/Particles/SimpleLit' not found
Refreshing native plugins compatible for Editor in 0.99 ms, found 1 plugins.
Preloading 0 native plugins for Editor in 0.00 ms.
Unloading 2842 Unused Serialized files (Serialized files now loaded: 0)
System memory in use before: 126.6 MB.
System memory in use after: 126.8 MB.

Unloading 9 unused Assets to reduce memory usage. Loaded Objects now: 3431.
Total: 5.697500 ms (FindLiveObjects: 0.511300 ms CreateObjectMapping: 0.303700 ms MarkObjects: 4.834200 ms  DeleteObjects: 0.046100 ms)

========================================================================
Received Prepare
Registering precompiled user dll's ...
Registered in 0.001923 seconds.
Begin MonoManager ReloadAssembly
Native extension for WindowsStandalone target not found
Native extension for WebGL target not found
Refreshing native plugins compatible for Editor in 1.14 ms, found 1 plugins.
Preloading 0 native plugins for Editor in 0.00 ms.
Mono: successfully reloaded assembly
- Completed reload, in  2.463 seconds
Platform modules already initialized, skipping
Shader 'Universal Render Pipeline/Particles/Lit': fallback shader 'Universal Render Pipeline/Particles/SimpleLit' not found
Refreshing native plugins compatible for Editor in 0.63 ms, found 1 plugins.
Preloading 0 native plugins for Editor in 0.00 ms.
Unloading 2842 Unused Serialized files (Serialized files now loaded: 0)
System memory in use before: 126.6 MB.
System memory in use after: 126.8 MB.

Unloading 9 unused Assets to reduce memory usage. Loaded Objects now: 3434.
Total: 6.607900 ms (FindLiveObjects: 0.548700 ms CreateObjectMapping: 0.312300 ms MarkObjects: 5.713200 ms  DeleteObjects: 0.031100 ms)

========================================================================
Received Prepare
Registering precompiled user dll's ...
Registered in 0.002293 seconds.
Begin MonoManager ReloadAssembly
Native extension for WindowsStandalone target not found
Native extension for WebGL target not found
Refreshing native plugins compatible for Editor in 0.92 ms, found 1 plugins.
Preloading 0 native plugins for Editor in 0.00 ms.
Mono: successfully reloaded assembly
- Completed reload, in  2.811 seconds
Platform modules already initialized, skipping
Shader 'Universal Render Pipeline/Particles/Lit': fallback shader 'Universal Render Pipeline/Particles/SimpleLit' not found
Refreshing native plugins compatible for Editor in 1.03 ms, found 1 plugins.
Preloading 0 native plugins for Editor in 0.00 ms.
Unloading 2842 Unused Serialized files (Serialized files now loaded: 0)
System memory in use before: 126.6 MB.
System memory in use after: 126.8 MB.

Unloading 9 unused Assets to reduce memory usage. Loaded Objects now: 3437.
Total: 6.919200 ms (FindLiveObjects: 0.688900 ms CreateObjectMapping: 0.403300 ms MarkObjects: 5.774900 ms  DeleteObjects: 0.049200 ms)

========================================================================
Received Import Request.
  Time since last request: 2734.313311 seconds.
  path: Assets/Prefabs/Dirt.prefab
  artifactKey: Guid(1fadf81673db1924bafb75c6dd90dde8) Importer(815301076,1909f56bfc062723c751e8b465ee728b)
Start importing Assets/Prefabs/Dirt.prefab using Guid(1fadf81673db1924bafb75c6dd90dde8) Importer(815301076,1909f56bfc062723c751e8b465ee728b)  -> (artifact id: 'f03aba985ed0122bfbaca4afb908f6ff') in 0.704622 seconds
  Import took 0.721635 seconds .

========================================================================
Received Import Request.
  Time since last request: 0.000835 seconds.
  path: Assets/Prefabs/Stone.prefab
  artifactKey: Guid(b295d8595a9038b47ad8e8aba3d4e712) Importer(815301076,1909f56bfc062723c751e8b465ee728b)
Start importing Assets/Prefabs/Stone.prefab using Guid(b295d8595a9038b47ad8e8aba3d4e712) Importer(815301076,1909f56bfc062723c751e8b465ee728b)  -> (artifact id: '055fccbd17c7d2f0d74e105bb3198797') in 0.065073 seconds
  Import took 0.084737 seconds .

========================================================================
Received Import Request.
  Time since last request: 0.000510 seconds.
  path: Assets/Prefabs/Granite.prefab
  artifactKey: Guid(dbc92f1fc9c50e54fb25305cb77ceca9) Importer(815301076,1909f56bfc062723c751e8b465ee728b)
Start importing Assets/Prefabs/Granite.prefab using Guid(dbc92f1fc9c50e54fb25305cb77ceca9) Importer(815301076,1909f56bfc062723c751e8b465ee728b)  -> (artifact id: '305892ecb42f6cca52c7e05a06cef5c4') in 0.059017 seconds
  Import took 0.072502 seconds .

========================================================================
Received Import Request.
  Time since last request: 0.000372 seconds.
  path: Assets/Prefabs/Mithium.prefab
  artifactKey: Guid(c2cbdccd8ae286743a232605505048c8) Importer(815301076,1909f56bfc062723c751e8b465ee728b)
Start importing Assets/Prefabs/Mithium.prefab using Guid(c2cbdccd8ae286743a232605505048c8) Importer(815301076,1909f56bfc062723c751e8b465ee728b)  -> (artifact id: 'b12186dd3d9d09ebefd532d9b180fc4c') in 0.029668 seconds
  Import took 0.037684 seconds .

========================================================================
Received Import Request.
  Time since last request: 0.000742 seconds.
  path: Assets/Prefabs/Ferrium.prefab
  artifactKey: Guid(818b89c926b053b48ac86769e065f208) Importer(815301076,1909f56bfc062723c751e8b465ee728b)
Start importing Assets/Prefabs/Ferrium.prefab using Guid(818b89c926b053b48ac86769e065f208) Importer(815301076,1909f56bfc062723c751e8b465ee728b)  -> (artifact id: 'f33a8cf5db0744cbd4ab969ffadedb73') in 0.037016 seconds
  Import took 0.049235 seconds .

========================================================================
Received Import Request.
  Time since last request: 0.000349 seconds.
  path: Assets/Prefabs/Granicrete.prefab
  artifactKey: Guid(f3bd9b75bd34c8d4e86fd8f00ed048ac) Importer(815301076,1909f56bfc062723c751e8b465ee728b)
Start importing Assets/Prefabs/Granicrete.prefab using Guid(f3bd9b75bd34c8d4e86fd8f00ed048ac) Importer(815301076,1909f56bfc062723c751e8b465ee728b)  -> (artifact id: 'c3fa57f1f9202d014026aadae5d52d74') in 0.027370 seconds
  Import took 0.038600 seconds .

========================================================================
Received Import Request.
  Time since last request: 0.063794 seconds.
  path: Assets/Prefabs/Granicrete.prefab
  artifactKey: Guid(f3bd9b75bd34c8d4e86fd8f00ed048ac) Importer(815301076,1909f56bfc062723c751e8b465ee728b)
Start importing Assets/Prefabs/Granicrete.prefab using Guid(f3bd9b75bd34c8d4e86fd8f00ed048ac) Importer(815301076,1909f56bfc062723c751e8b465ee728b)  -> (artifact id: 'c3fa57f1f9202d014026aadae5d52d74') in 0.038681 seconds
  Import took 0.061610 seconds .

========================================================================
Received Prepare
Registering precompiled user dll's ...
Registered in 0.005059 seconds.
Begin MonoManager ReloadAssembly
Native extension for WindowsStandalone target not found
Native extension for WebGL target not found
Refreshing native plugins compatible for Editor in 0.89 ms, found 1 plugins.
Preloading 0 native plugins for Editor in 0.00 ms.
Mono: successfully reloaded assembly
- Completed reload, in  2.692 seconds
Platform modules already initialized, skipping
Shader 'Universal Render Pipeline/Particles/Lit': fallback shader 'Universal Render Pipeline/Particles/SimpleLit' not found
Refreshing native plugins compatible for Editor in 1.01 ms, found 1 plugins.
Preloading 0 native plugins for Editor in 0.00 ms.
Unloading 2842 Unused Serialized files (Serialized files now loaded: 0)
System memory in use before: 128.7 MB.
System memory in use after: 129.0 MB.

Unloading 9 unused Assets to reduce memory usage. Loaded Objects now: 3483.
Total: 4.695100 ms (FindLiveObjects: 0.354900 ms CreateObjectMapping: 0.193100 ms MarkObjects: 4.114200 ms  DeleteObjects: 0.031200 ms)

========================================================================
Received Import Request.
  Time since last request: 10.170846 seconds.
  path: Assets/Prefabs/Ferrium.prefab
  artifactKey: Guid(818b89c926b053b48ac86769e065f208) Importer(815301076,1909f56bfc062723c751e8b465ee728b)
Start importing Assets/Prefabs/Ferrium.prefab using Guid(818b89c926b053b48ac86769e065f208) Importer(815301076,1909f56bfc062723c751e8b465ee728b)  -> (artifact id: '8ea0014b412eb3bd4d5bbc364b728ec0') in 0.409911 seconds
  Import took 0.423825 seconds .

========================================================================
Received Import Request.
  Time since last request: 0.000663 seconds.
  path: Assets/Prefabs/Granite.prefab
  artifactKey: Guid(dbc92f1fc9c50e54fb25305cb77ceca9) Importer(815301076,1909f56bfc062723c751e8b465ee728b)
Start importing Assets/Prefabs/Granite.prefab using Guid(dbc92f1fc9c50e54fb25305cb77ceca9) Importer(815301076,1909f56bfc062723c751e8b465ee728b)  -> (artifact id: '8ad80a83681c0a41f8797d7c4556e879') in 0.029996 seconds
  Import took 0.044458 seconds .

========================================================================
Received Import Request.
  Time since last request: 2.958737 seconds.
  path: Assets/Prefabs/Mithium.prefab
  artifactKey: Guid(c2cbdccd8ae286743a232605505048c8) Importer(815301076,1909f56bfc062723c751e8b465ee728b)
Start importing Assets/Prefabs/Mithium.prefab using Guid(c2cbdccd8ae286743a232605505048c8) Importer(815301076,1909f56bfc062723c751e8b465ee728b)  -> (artifact id: '6e22097ad2eb34de25de214ec0e45779') in 0.033872 seconds
  Import took 0.050851 seconds .

========================================================================
Received Import Request.
  Time since last request: 4.862327 seconds.
  path: Assets/Prefabs/Stone.prefab
  artifactKey: Guid(b295d8595a9038b47ad8e8aba3d4e712) Importer(815301076,1909f56bfc062723c751e8b465ee728b)
Start importing Assets/Prefabs/Stone.prefab using Guid(b295d8595a9038b47ad8e8aba3d4e712) Importer(815301076,1909f56bfc062723c751e8b465ee728b)  -> (artifact id: '9a26e93e139b8c03de66b0f3e1666a6f') in 0.017577 seconds
  Import took 0.026172 seconds .

========================================================================
Received Import Request.
  Time since last request: 5.534582 seconds.
  path: Assets/Prefabs/Bouldite.prefab
  artifactKey: Guid(b295d8595a9038b47ad8e8aba3d4e712) Importer(815301076,1909f56bfc062723c751e8b465ee728b)
Start importing Assets/Prefabs/Bouldite.prefab using Guid(b295d8595a9038b47ad8e8aba3d4e712) Importer(815301076,1909f56bfc062723c751e8b465ee728b)  -> (artifact id: '60181f2ef0d314c6cdea781444dbcf02') in 0.034639 seconds
  Import took 0.045101 seconds .

========================================================================
Received Import Request.
  Time since last request: 7.640015 seconds.
  path: Assets/Prefabs/Cobblite.prefab
  artifactKey: Guid(dbc92f1fc9c50e54fb25305cb77ceca9) Importer(815301076,1909f56bfc062723c751e8b465ee728b)
Start importing Assets/Prefabs/Cobblite.prefab using Guid(dbc92f1fc9c50e54fb25305cb77ceca9) Importer(815301076,1909f56bfc062723c751e8b465ee728b)  -> (artifact id: '7e57153695df52a5db4ccc3d3fe9f6bf') in 0.058144 seconds
  Import took 0.080503 seconds .

========================================================================
Received Prepare
Registering precompiled user dll's ...
Registered in 0.002621 seconds.
Begin MonoManager ReloadAssembly
Native extension for WindowsStandalone target not found
Native extension for WebGL target not found
Refreshing native plugins compatible for Editor in 0.87 ms, found 1 plugins.
Preloading 0 native plugins for Editor in 0.00 ms.
Mono: successfully reloaded assembly
- Completed reload, in  2.536 seconds
Platform modules already initialized, skipping
Shader 'Universal Render Pipeline/Particles/Lit': fallback shader 'Universal Render Pipeline/Particles/SimpleLit' not found
Refreshing native plugins compatible for Editor in 1.67 ms, found 1 plugins.
Preloading 0 native plugins for Editor in 0.00 ms.
Unloading 2842 Unused Serialized files (Serialized files now loaded: 0)
System memory in use before: 128.8 MB.
System memory in use after: 129.1 MB.

Unloading 9 unused Assets to reduce memory usage. Loaded Objects now: 3522.
Total: 13.379700 ms (FindLiveObjects: 0.835000 ms CreateObjectMapping: 0.538500 ms MarkObjects: 11.926800 ms  DeleteObjects: 0.075400 ms)

AssetImportWorkerClient::OnTransportError - code=2 error=End of file
